# JRE version: Java(TM) SE Runtime Environment (8.0_111-b14) (build 1.8.0_111-b14)
# Java VM: Java HotSpot(TM) 64-Bit Server VM (25.111-b14 mixed mode linux-amd64 compressed oops)
Heap:
 par new generation   total 314560K, used 265068K [0x00000000c0000000, 0x00000000d5550000, 0x00000000d5550000)
  eden space 279616K,  87% used [0x00000000c0000000, 0x00000000cedab658, 0x00000000d1110000)
  from space 34944K,  62% used [0x00000000d3330000, 0x00000000d485fd50, 0x00000000d5550000)
  to   space 34944K,   0% used [0x00000000d1110000, 0x00000000d1110000, 0x00000000d3330000)
 concurrent mark-sweep generation total 699072K, used 105466K [0x00000000d5550000, 0x0000000100000000, 0x0000000100000000)
 Metaspace       used 38767K, capacity 39053K, committed 39232K, reserved 1083392K
  class space    used 4672K, capacity 4771K, committed 4772K, reserved 1048576K
GC Heap History (10 events):
Event: 1.319 GC heap before
{Heap before GC invocations=0 (full 0):
 par new generation   total 314560K, used 279616K [0x00000000c0000000, 0x00000000d5550000, 0x00000000d5550000)
  eden space 279616K, 100% used [0x00000000c0000000, 0x00000000d1110000, 0x00000000d1110000)
  from space 34944K,   0% used [0x00000000d1110000, 0x00000000d1110000, 0x00000000d3330000)
  to   space 34944K,   0% used [0x00000000d3330000, 0x00000000d3330000, 0x00000000d5550000)
 concurrent mark-sweep generation total 699072K, used 0K [0x00000000d5550000, 0x0000000100000000, 0x0000000100000000)
 Metaspace       used 28027K, capacity 28206K, committed 28524K, reserved 1073152K
  class space    used 3839K, capacity 3937K, committed 3980K, reserved 1048576K
Event: 1.337 GC heap after
Heap after GC invocations=1 (full 0):
 par new generation   total 314560K, used 32448K [0x00000000c0000000, 0x00000000d5550000, 0x00000000d5550000)
  eden space 279616K,   0% used [0x00000000c0000000, 0x00000000c0000000, 0x00000000d1110000)
  from space 34944K,  92% used [0x00000000d3330000, 0x00000000d52e0268, 0x00000000d5550000)
  to   space 34944K,   0% used [0x00000000d1110000, 0x00000000d1110000, 0x00000000d3330000)
 concurrent mark-sweep generation total 699072K, used 0K [0x00000000d5550000, 0x0000000100000000, 0x0000000100000000)
 Metaspace       used 28027K, capacity 28206K, committed 28524K, reserved 1073152K
  class space    used 3839K, capacity 3937K, committed 3980K, reserved 1048576K
}
Event: 2.609 GC heap before
{Heap before GC invocations=1 (full 0):
 par new generation   total 314560K, used 305702K [0x00000000c0000000, 0x00000000d5550000, 0x00000000d5550000)
  eden space 279616K,  97% used [0x00000000c0000000, 0x00000000d0ad9728, 0x00000000d1110000)
  from space 34944K,  92% used [0x00000000d3330000, 0x00000000d52e0268, 0x00000000d5550000)
  to   space 34944K,   0% used [0x00000000d1110000, 0x00000000d1110000, 0x00000000d3330000)
 concurrent mark-sweep generation total 699072K, used 0K [0x00000000d5550000, 0x0000000100000000, 0x0000000100000000)
 Metaspace       used 32173K, capacity 32423K, committed 32840K, reserved 1077248K
  class space    used 4148K, capacity 4238K, committed 4312K, reserved 1048576K
Event: 2.690 GC heap after
Heap after GC invocations=2 (full 0):
 par new generation   total 314560K, used 34944K [0x00000000c0000000, 0x00000000d5550000, 0x00000000d5550000)
  eden space 279616K,   0% used [0x00000000c0000000, 0x00000000c0000000, 0x00000000d1110000)
  from space 34944K, 100% used [0x00000000d1110000, 0x00000000d3330000, 0x00000000d3330000)
  to   space 34944K,   0% used [0x00000000d3330000, 0x00000000d3330000, 0x00000000d5550000)
 concurrent mark-sweep generation total 699072K, used 58381K [0x00000000d5550000, 0x0000000100000000, 0x0000000100000000)
 Metaspace       used 32173K, capacity 32423K, committed 32840K, reserved 1077248K
  class space    used 4148K, capacity 4238K, committed 4312K, reserved 1048576K
}
Event: 3.697 GC heap before
{Heap before GC invocations=2 (full 1):
 par new generation   total 314560K, used 314560K [0x00000000c0000000, 0x00000000d5550000, 0x00000000d5550000)
  eden space 279616K, 100% used [0x00000000c0000000, 0x00000000d1110000, 0x00000000d1110000)
  from space 34944K, 100% used [0x00000000d1110000, 0x00000000d3330000, 0x00000000d3330000)
  to   space 34944K,   0% used [0x00000000d3330000, 0x00000000d3330000, 0x00000000d5550000)
 concurrent mark-sweep generation total 699072K, used 58381K [0x00000000d5550000, 0x0000000100000000, 0x0000000100000000)
 Metaspace       used 34362K, capacity 34577K, committed 34832K, reserved 1079296K
  class space    used 4318K, capacity 4399K, committed 4440K, reserved 1048576K
Event: 3.734 GC heap after
Heap after GC invocations=3 (full 1):
 par new generation   total 314560K, used 27570K [0x00000000c0000000, 0x00000000d5550000, 0x00000000d5550000)
  eden space 279616K,   0% used [0x00000000c0000000, 0x00000000c0000000, 0x00000000d1110000)
  from space 34944K,  78% used [0x00000000d3330000, 0x00000000d4e1c8a0, 0x00000000d5550000)
  to   space 34944K,   0% used [0x00000000d1110000, 0x00000000d1110000, 0x00000000d3330000)
 concurrent mark-sweep generation total 699072K, used 83497K [0x00000000d5550000, 0x0000000100000000, 0x0000000100000000)
 Metaspace       used 34362K, capacity 34577K, committed 34832K, reserved 1079296K
  class space    used 4318K, capacity 4399K, committed 4440K, reserved 1048576K
}
Event: 4.712 GC heap before
{Heap before GC invocations=3 (full 1):
 par new generation   total 314560K, used 300884K [0x00000000c0000000, 0x00000000d5550000, 0x00000000d5550000)
  eden space 279616K,  97% used [0x00000000c0000000, 0x00000000d0ae89b8, 0x00000000d1110000)
  from space 34944K,  78% used [0x00000000d3330000, 0x00000000d4e1c8a0, 0x00000000d5550000)
  to   space 34944K,   0% used [0x00000000d1110000, 0x00000000d1110000, 0x00000000d3330000)
 concurrent mark-sweep generation total 699072K, used 83497K [0x00000000d5550000, 0x0000000100000000, 0x0000000100000000)
 Metaspace       used 35627K, capacity 35863K, committed 36160K, reserved 1081344K
  class space    used 4381K, capacity 4464K, committed 4516K, reserved 1048576K
Event: 4.729 GC heap after
Heap after GC invocations=4 (full 1):
 par new generation   total 314560K, used 31427K [0x00000000c0000000, 0x00000000d5550000, 0x00000000d5550000)
  eden space 279616K,   0% used [0x00000000c0000000, 0x00000000c0000000, 0x00000000d1110000)
  from space 34944K,  89% used [0x00000000d1110000, 0x00000000d2fc0cf0, 0x00000000d3330000)
  to   space 34944K,   0% used [0x00000000d3330000, 0x00000000d3330000, 0x00000000d5550000)
 concurrent mark-sweep generation total 699072K, used 83497K [0x00000000d5550000, 0x0000000100000000, 0x0000000100000000)
 Metaspace       used 35627K, capacity 35863K, committed 36160K, reserved 1081344K
  class space    used 4381K, capacity 4464K, committed 4516K, reserved 1048576K
}
Event: 38.728 GC heap before
{Heap before GC invocations=4 (full 1):
 par new generation   total 314560K, used 311043K [0x00000000c0000000, 0x00000000d5550000, 0x00000000d5550000)
  eden space 279616K, 100% used [0x00000000c0000000, 0x00000000d1110000, 0x00000000d1110000)
  from space 34944K,  89% used [0x00000000d1110000, 0x00000000d2fc0cf0, 0x00000000d3330000)
  to   space 34944K,   0% used [0x00000000d3330000, 0x00000000d3330000, 0x00000000d5550000)
 concurrent mark-sweep generation total 699072K, used 83489K [0x00000000d5550000, 0x0000000100000000, 0x0000000100000000)
 Metaspace       used 38609K, capacity 38925K, committed 39232K, reserved 1083392K
  class space    used 4671K, capacity 4771K, committed 4772K, reserved 1048576K
Event: 38.760 GC heap after
Heap after GC invocations=5 (full 1):
 par new generation   total 314560K, used 21695K [0x00000000c0000000, 0x00000000d5550000, 0x00000000d5550000)
  eden space 279616K,   0% used [0x00000000c0000000, 0x00000000c0000000, 0x00000000d1110000)
  from space 34944K,  62% used [0x00000000d3330000, 0x00000000d485fd50, 0x00000000d5550000)
  to   space 34944K,   0% used [0x00000000d1110000, 0x00000000d1110000, 0x00000000d3330000)
 concurrent mark-sweep generation total 699072K, used 105466K [0x00000000d5550000, 0x0000000100000000, 0x0000000100000000)
 Metaspace       used 38609K, capacity 38925K, committed 39232K, reserved 1083392K
  class space    used 4671K, capacity 4771K, committed 4772K, reserved 1048576K
}

