# JRE version: Java(TM) SE Runtime Environment (8.0_111-b14) (build 1.8.0_111-b14)
# Java VM: Java HotSpot(TM) 64-Bit Server VM (25.111-b14 mixed mode linux-amd64 compressed oops)
Heap:
 par new generation   total 314560K, used 112602K [0x00000000c0000000, 0x00000000d5550000, 0x00000000d5550000)
  eden space 279616K,  28% used [0x00000000c0000000, 0x00000000c4ed4a40, 0x00000000d1110000)
  from space 34944K,  91% used [0x00000000d1110000, 0x00000000d3031f50, 0x00000000d3330000)
  to   space 34944K,   0% used [0x00000000d3330000, 0x00000000d3330000, 0x00000000d5550000)
 concurrent mark-sweep generation total 699072K, used 86856K [0x00000000d5550000, 0x0000000100000000, 0x0000000100000000)
 Metaspace       used 35259K, capacity 35479K, committed 35680K, reserved 1081344K
  class space    used 4363K, capacity 4464K, committed 4588K, reserved 1048576K
GC Heap History (8 events):
Event: 1.403 GC heap before
{Heap before GC invocations=0 (full 0):
 par new generation   total 314560K, used 279616K [0x00000000c0000000, 0x00000000d5550000, 0x00000000d5550000)
  eden space 279616K, 100% used [0x00000000c0000000, 0x00000000d1110000, 0x00000000d1110000)
  from space 34944K,   0% used [0x00000000d1110000, 0x00000000d1110000, 0x00000000d3330000)
  to   space 34944K,   0% used [0x00000000d3330000, 0x00000000d3330000, 0x00000000d5550000)
 concurrent mark-sweep generation total 699072K, used 0K [0x00000000d5550000, 0x0000000100000000, 0x0000000100000000)
 Metaspace       used 27996K, capacity 28206K, committed 28524K, reserved 1073152K
  class space    used 3839K, capacity 3937K, committed 4032K, reserved 1048576K
Event: 1.436 GC heap after
Heap after GC invocations=1 (full 0):
 par new generation   total 314560K, used 32505K [0x00000000c0000000, 0x00000000d5550000, 0x00000000d5550000)
  eden space 279616K,   0% used [0x00000000c0000000, 0x00000000c0000000, 0x00000000d1110000)
  from space 34944K,  93% used [0x00000000d3330000, 0x00000000d52ee480, 0x00000000d5550000)
  to   space 34944K,   0% used [0x00000000d1110000, 0x00000000d1110000, 0x00000000d3330000)
 concurrent mark-sweep generation total 699072K, used 0K [0x00000000d5550000, 0x0000000100000000, 0x0000000100000000)
 Metaspace       used 27996K, capacity 28206K, committed 28524K, reserved 1073152K
  class space    used 3839K, capacity 3937K, committed 4032K, reserved 1048576K
}
Event: 3.089 GC heap before
{Heap before GC invocations=1 (full 0):
 par new generation   total 314560K, used 309884K [0x00000000c0000000, 0x00000000d5550000, 0x00000000d5550000)
  eden space 279616K,  99% used [0x00000000c0000000, 0x00000000d0ee0b90, 0x00000000d1110000)
  from space 34944K,  93% used [0x00000000d3330000, 0x00000000d52ee480, 0x00000000d5550000)
  to   space 34944K,   0% used [0x00000000d1110000, 0x00000000d1110000, 0x00000000d3330000)
 concurrent mark-sweep generation total 699072K, used 0K [0x00000000d5550000, 0x0000000100000000, 0x0000000100000000)
 Metaspace       used 32140K, capacity 32359K, committed 32508K, reserved 1077248K
  class space    used 4147K, capacity 4238K, committed 4260K, reserved 1048576K
Event: 3.176 GC heap after
Heap after GC invocations=2 (full 0):
 par new generation   total 314560K, used 33463K [0x00000000c0000000, 0x00000000d5550000, 0x00000000d5550000)
  eden space 279616K,   0% used [0x00000000c0000000, 0x00000000c0000000, 0x00000000d1110000)
  from space 34944K,  95% used [0x00000000d1110000, 0x00000000d31bdcd8, 0x00000000d3330000)
  to   space 34944K,   0% used [0x00000000d3330000, 0x00000000d3330000, 0x00000000d5550000)
 concurrent mark-sweep generation total 699072K, used 58346K [0x00000000d5550000, 0x0000000100000000, 0x0000000100000000)
 Metaspace       used 32140K, capacity 32359K, committed 32508K, reserved 1077248K
  class space    used 4147K, capacity 4238K, committed 4260K, reserved 1048576K
}
Event: 4.422 GC heap before
{Heap before GC invocations=2 (full 1):
 par new generation   total 314560K, used 313079K [0x00000000c0000000, 0x00000000d5550000, 0x00000000d5550000)
  eden space 279616K, 100% used [0x00000000c0000000, 0x00000000d1110000, 0x00000000d1110000)
  from space 34944K,  95% used [0x00000000d1110000, 0x00000000d31bdcd8, 0x00000000d3330000)
  to   space 34944K,   0% used [0x00000000d3330000, 0x00000000d3330000, 0x00000000d5550000)
 concurrent mark-sweep generation total 699072K, used 58346K [0x00000000d5550000, 0x0000000100000000, 0x0000000100000000)
 Metaspace       used 34323K, capacity 34513K, committed 34832K, reserved 1079296K
  class space    used 4317K, capacity 4399K, committed 4460K, reserved 1048576K
Event: 4.522 GC heap after
Heap after GC invocations=3 (full 1):
 par new generation   total 314560K, used 29091K [0x00000000c0000000, 0x00000000d5550000, 0x00000000d5550000)
  eden space 279616K,   0% used [0x00000000c0000000, 0x00000000c0000000, 0x00000000d1110000)
  from space 34944K,  83% used [0x00000000d3330000, 0x00000000d4f98c58, 0x00000000d5550000)
  to   space 34944K,   0% used [0x00000000d1110000, 0x00000000d1110000, 0x00000000d3330000)
 concurrent mark-sweep generation total 699072K, used 86864K [0x00000000d5550000, 0x0000000100000000, 0x0000000100000000)
 Metaspace       used 34323K, capacity 34513K, committed 34832K, reserved 1079296K
  class space    used 4317K, capacity 4399K, committed 4460K, reserved 1048576K
}
Event: 5.672 GC heap before
{Heap before GC invocations=3 (full 1):
 par new generation   total 314560K, used 308707K [0x00000000c0000000, 0x00000000d5550000, 0x00000000d5550000)
  eden space 279616K, 100% used [0x00000000c0000000, 0x00000000d1110000, 0x00000000d1110000)
  from space 34944K,  83% used [0x00000000d3330000, 0x00000000d4f98c58, 0x00000000d5550000)
  to   space 34944K,   0% used [0x00000000d1110000, 0x00000000d1110000, 0x00000000d3330000)
 concurrent mark-sweep generation total 699072K, used 86856K [0x00000000d5550000, 0x0000000100000000, 0x0000000100000000)
 Metaspace       used 34861K, capacity 35031K, committed 35296K, reserved 1081344K
  class space    used 4337K, capacity 4400K, committed 4460K, reserved 1048576K
Event: 5.698 GC heap after
Heap after GC invocations=4 (full 1):
 par new generation   total 314560K, used 31879K [0x00000000c0000000, 0x00000000d5550000, 0x00000000d5550000)
  eden space 279616K,   0% used [0x00000000c0000000, 0x00000000c0000000, 0x00000000d1110000)
  from space 34944K,  91% used [0x00000000d1110000, 0x00000000d3031f50, 0x00000000d3330000)
  to   space 34944K,   0% used [0x00000000d3330000, 0x00000000d3330000, 0x00000000d5550000)
 concurrent mark-sweep generation total 699072K, used 86856K [0x00000000d5550000, 0x0000000100000000, 0x0000000100000000)
 Metaspace       used 34861K, capacity 35031K, committed 35296K, reserved 1081344K
  class space    used 4337K, capacity 4400K, committed 4460K, reserved 1048576K
}

