# JRE version: Java(TM) SE Runtime Environment (8.0_111-b14) (build 1.8.0_111-b14)
# Java VM: Java HotSpot(TM) 64-Bit Server VM (25.111-b14 mixed mode linux-amd64 compressed oops)
Heap:
 par new generation   total 314560K, used 62237K [0x00000000c0000000, 0x00000000d5550000, 0x00000000d5550000)
  eden space 279616K,  22% used [0x00000000c0000000, 0x00000000c3cc3cd0, 0x00000000d1110000)
  from space 34944K,   0% used [0x00000000d1110000, 0x00000000d1113870, 0x00000000d3330000)
  to   space 34944K,   0% used [0x00000000d3330000, 0x00000000d3330000, 0x00000000d5550000)
 concurrent mark-sweep generation total 699072K, used 236502K [0x00000000d5550000, 0x0000000100000000, 0x0000000100000000)
 Metaspace       used 44473K, capacity 44761K, committed 45280K, reserved 1089536K
  class space    used 5025K, capacity 5141K, committed 5180K, reserved 1048576K
GC Heap History (10 events):
Event: 506.224 GC heap before
{Heap before GC invocations=242 (full 8):
 par new generation   total 314560K, used 279634K [0x00000000c0000000, 0x00000000d5550000, 0x00000000d5550000)
  eden space 279616K, 100% used [0x00000000c0000000, 0x00000000d1110000, 0x00000000d1110000)
  from space 34944K,   0% used [0x00000000d3330000, 0x00000000d3334890, 0x00000000d5550000)
  to   space 34944K,   0% used [0x00000000d1110000, 0x00000000d1110000, 0x00000000d3330000)
 concurrent mark-sweep generation total 699072K, used 236502K [0x00000000d5550000, 0x0000000100000000, 0x0000000100000000)
 Metaspace       used 44473K, capacity 44761K, committed 45280K, reserved 1089536K
  class space    used 5025K, capacity 5141K, committed 5180K, reserved 1048576K
Event: 506.225 GC heap after
Heap after GC invocations=243 (full 8):
 par new generation   total 314560K, used 22K [0x00000000c0000000, 0x00000000d5550000, 0x00000000d5550000)
  eden space 279616K,   0% used [0x00000000c0000000, 0x00000000c0000000, 0x00000000d1110000)
  from space 34944K,   0% used [0x00000000d1110000, 0x00000000d11158b0, 0x00000000d3330000)
  to   space 34944K,   0% used [0x00000000d3330000, 0x00000000d3330000, 0x00000000d5550000)
 concurrent mark-sweep generation total 699072K, used 236502K [0x00000000d5550000, 0x0000000100000000, 0x0000000100000000)
 Metaspace       used 44473K, capacity 44761K, committed 45280K, reserved 1089536K
  class space    used 5025K, capacity 5141K, committed 5180K, reserved 1048576K
}
Event: 508.817 GC heap before
{Heap before GC invocations=243 (full 8):
 par new generation   total 314560K, used 279638K [0x00000000c0000000, 0x00000000d5550000, 0x00000000d5550000)
  eden space 279616K, 100% used [0x00000000c0000000, 0x00000000d1110000, 0x00000000d1110000)
  from space 34944K,   0% used [0x00000000d1110000, 0x00000000d11158b0, 0x00000000d3330000)
  to   space 34944K,   0% used [0x00000000d3330000, 0x00000000d3330000, 0x00000000d5550000)
 concurrent mark-sweep generation total 699072K, used 236502K [0x00000000d5550000, 0x0000000100000000, 0x0000000100000000)
 Metaspace       used 44473K, capacity 44761K, committed 45280K, reserved 1089536K
  class space    used 5025K, capacity 5141K, committed 5180K, reserved 1048576K
Event: 508.818 GC heap after
Heap after GC invocations=244 (full 8):
 par new generation   total 314560K, used 18K [0x00000000c0000000, 0x00000000d5550000, 0x00000000d5550000)
  eden space 279616K,   0% used [0x00000000c0000000, 0x00000000c0000000, 0x00000000d1110000)
  from space 34944K,   0% used [0x00000000d3330000, 0x00000000d3334890, 0x00000000d5550000)
  to   space 34944K,   0% used [0x00000000d1110000, 0x00000000d1110000, 0x00000000d3330000)
 concurrent mark-sweep generation total 699072K, used 236502K [0x00000000d5550000, 0x0000000100000000, 0x0000000100000000)
 Metaspace       used 44473K, capacity 44761K, committed 45280K, reserved 1089536K
  class space    used 5025K, capacity 5141K, committed 5180K, reserved 1048576K
}
Event: 511.349 GC heap before
{Heap before GC invocations=244 (full 8):
 par new generation   total 314560K, used 279634K [0x00000000c0000000, 0x00000000d5550000, 0x00000000d5550000)
  eden space 279616K, 100% used [0x00000000c0000000, 0x00000000d1110000, 0x00000000d1110000)
  from space 34944K,   0% used [0x00000000d3330000, 0x00000000d3334890, 0x00000000d5550000)
  to   space 34944K,   0% used [0x00000000d1110000, 0x00000000d1110000, 0x00000000d3330000)
 concurrent mark-sweep generation total 699072K, used 236502K [0x00000000d5550000, 0x0000000100000000, 0x0000000100000000)
 Metaspace       used 44473K, capacity 44761K, committed 45280K, reserved 1089536K
  class space    used 5025K, capacity 5141K, committed 5180K, reserved 1048576K
Event: 511.351 GC heap after
Heap after GC invocations=245 (full 8):
 par new generation   total 314560K, used 20K [0x00000000c0000000, 0x00000000d5550000, 0x00000000d5550000)
  eden space 279616K,   0% used [0x00000000c0000000, 0x00000000c0000000, 0x00000000d1110000)
  from space 34944K,   0% used [0x00000000d1110000, 0x00000000d11150a0, 0x00000000d3330000)
  to   space 34944K,   0% used [0x00000000d3330000, 0x00000000d3330000, 0x00000000d5550000)
 concurrent mark-sweep generation total 699072K, used 236502K [0x00000000d5550000, 0x0000000100000000, 0x0000000100000000)
 Metaspace       used 44473K, capacity 44761K, committed 45280K, reserved 1089536K
  class space    used 5025K, capacity 5141K, committed 5180K, reserved 1048576K
}
Event: 513.980 GC heap before
{Heap before GC invocations=245 (full 8):
 par new generation   total 314560K, used 279636K [0x00000000c0000000, 0x00000000d5550000, 0x00000000d5550000)
  eden space 279616K, 100% used [0x00000000c0000000, 0x00000000d1110000, 0x00000000d1110000)
  from space 34944K,   0% used [0x00000000d1110000, 0x00000000d11150a0, 0x00000000d3330000)
  to   space 34944K,   0% used [0x00000000d3330000, 0x00000000d3330000, 0x00000000d5550000)
 concurrent mark-sweep generation total 699072K, used 236502K [0x00000000d5550000, 0x0000000100000000, 0x0000000100000000)
 Metaspace       used 44473K, capacity 44761K, committed 45280K, reserved 1089536K
  class space    used 5025K, capacity 5141K, committed 5180K, reserved 1048576K
Event: 513.982 GC heap after
Heap after GC invocations=246 (full 8):
 par new generation   total 314560K, used 18K [0x00000000c0000000, 0x00000000d5550000, 0x00000000d5550000)
  eden space 279616K,   0% used [0x00000000c0000000, 0x00000000c0000000, 0x00000000d1110000)
  from space 34944K,   0% used [0x00000000d3330000, 0x00000000d3334890, 0x00000000d5550000)
  to   space 34944K,   0% used [0x00000000d1110000, 0x00000000d1110000, 0x00000000d3330000)
 concurrent mark-sweep generation total 699072K, used 236502K [0x00000000d5550000, 0x0000000100000000, 0x0000000100000000)
 Metaspace       used 44473K, capacity 44761K, committed 45280K, reserved 1089536K
  class space    used 5025K, capacity 5141K, committed 5180K, reserved 1048576K
}
Event: 516.580 GC heap before
{Heap before GC invocations=246 (full 8):
 par new generation   total 314560K, used 279634K [0x00000000c0000000, 0x00000000d5550000, 0x00000000d5550000)
  eden space 279616K, 100% used [0x00000000c0000000, 0x00000000d1110000, 0x00000000d1110000)
  from space 34944K,   0% used [0x00000000d3330000, 0x00000000d3334890, 0x00000000d5550000)
  to   space 34944K,   0% used [0x00000000d1110000, 0x00000000d1110000, 0x00000000d3330000)
 concurrent mark-sweep generation total 699072K, used 236502K [0x00000000d5550000, 0x0000000100000000, 0x0000000100000000)
 Metaspace       used 44473K, capacity 44761K, committed 45280K, reserved 1089536K
  class space    used 5025K, capacity 5141K, committed 5180K, reserved 1048576K
Event: 516.583 GC heap after
Heap after GC invocations=247 (full 8):
 par new generation   total 314560K, used 14K [0x00000000c0000000, 0x00000000d5550000, 0x00000000d5550000)
  eden space 279616K,   0% used [0x00000000c0000000, 0x00000000c0000000, 0x00000000d1110000)
  from space 34944K,   0% used [0x00000000d1110000, 0x00000000d1113870, 0x00000000d3330000)
  to   space 34944K,   0% used [0x00000000d3330000, 0x00000000d3330000, 0x00000000d5550000)
 concurrent mark-sweep generation total 699072K, used 236502K [0x00000000d5550000, 0x0000000100000000, 0x0000000100000000)
 Metaspace       used 44473K, capacity 44761K, committed 45280K, reserved 1089536K
  class space    used 5025K, capacity 5141K, committed 5180K, reserved 1048576K
}

